Determining if the pthread_create exist failed with the following output:
Change Dir: /home/lanath/repo/bfc/node/CMakeFiles/CMakeTmp

Run Build Command:"/usr/bin/gmake" "cmTC_a3d6a/fast"
/usr/bin/gmake -f CMakeFiles/cmTC_a3d6a.dir/build.make CMakeFiles/cmTC_a3d6a.dir/build
gmake[1]: Entering directory '/home/lanath/repo/bfc/node/CMakeFiles/CMakeTmp'
Building C object CMakeFiles/cmTC_a3d6a.dir/CheckSymbolExists.c.o
/usr/bin/cc    -o CMakeFiles/cmTC_a3d6a.dir/CheckSymbolExists.c.o   -c /home/lanath/repo/bfc/node/CMakeFiles/CMakeTmp/CheckSymbolExists.c
Linking C executable cmTC_a3d6a
/usr/bin/cmake -E cmake_link_script CMakeFiles/cmTC_a3d6a.dir/link.txt --verbose=1
/usr/bin/cc      -rdynamic CMakeFiles/cmTC_a3d6a.dir/CheckSymbolExists.c.o  -o cmTC_a3d6a 
/usr/bin/ld: CMakeFiles/cmTC_a3d6a.dir/CheckSymbolExists.c.o: in function `main':
CheckSymbolExists.c:(.text+0x16): undefined reference to `pthread_create'
collect2: error: ld returned 1 exit status
gmake[1]: *** [CMakeFiles/cmTC_a3d6a.dir/build.make:87: cmTC_a3d6a] Error 1
gmake[1]: Leaving directory '/home/lanath/repo/bfc/node/CMakeFiles/CMakeTmp'
gmake: *** [Makefile:121: cmTC_a3d6a/fast] Error 2

File /home/lanath/repo/bfc/node/CMakeFiles/CMakeTmp/CheckSymbolExists.c:
/* */
#include <pthread.h>

int main(int argc, char** argv)
{
  (void)argv;
#ifndef pthread_create
  return ((int*)(&pthread_create))[argc];
#else
  (void)argc;
  return 0;
#endif
}

